<?xml version="1.0" encoding="UTF-8"?>
<!-- Generated by org.testng.reporters.JUnitReportReporter -->
<testsuite skipped="0" hostname="LAPTOP-9K4D7D1I" name="resttest.demoRest" tests="1" failures="0" timestamp="2021-05-16T18:57:56 IST" time="1.866" errors="0">
  <testcase name="test" time="1.866" classname="resttest.demoRest"/>
  <system-out/>
</testsuite> <!-- resttest.demoRest -->
