<?xml version="1.0" encoding="UTF-8"?>
<!-- Generated by org.testng.reporters.JUnitReportReporter -->
<testsuite hostname="DESKTOP-3R73L8V" failures="0" tests="1" name="com.inetbanking.testCases.TC_LoginTest_001" time="1.857" errors="0" timestamp="24 Nov 2018 02:31:09 GMT" skipped="0">
  <testcase classname="com.inetbanking.testCases.TC_LoginTest_001" name="loginTest" time="1.857"/>
</testsuite> <!-- com.inetbanking.testCases.TC_LoginTest_001 -->
